<?xml version="1.0" encoding="UTF-8"?>
<!-- Generated by org.testng.reporters.JUnitReportReporter -->
<testsuite hostname="Arvinds-Air" failures="0" tests="2" name="RestfulBooker.MultipleBooking" time="3.419" errors="0" timestamp="2021-08-26T18:04:05 IST" skipped="0">
  <testcase classname="RestfulBooker.MultipleBooking" name="createBooking" time="2.344"/>
  <system-out/>
  <testcase classname="RestfulBooker.MultipleBooking" name="updateBooking" time="1.075"/>
  <system-out/>
</testsuite> <!-- RestfulBooker.MultipleBooking -->
