<?xml version="1.0" encoding="UTF-8"?>
<!-- Generated by org.testng.reporters.JUnitReportReporter -->
<testsuite hostname="Arvinds-MacBook-Air.local" failures="0" tests="2" name="DataShare.CreateBookingModuleTwo" time="5.848" errors="0" timestamp="2021-12-29T00:24:10 IST" skipped="0">
  <testcase classname="DataShare.CreateBookingModuleTwo" name="createBooking" time="3.907"/>
  <system-out/>
  <testcase classname="DataShare.CreateBookingModuleTwo" name="getBooking" time="1.941"/>
  <system-out/>
</testsuite> <!-- DataShare.CreateBookingModuleTwo -->
