<?xml version="1.0" encoding="UTF-8"?>
<!-- Generated by org.testng.reporters.JUnitReportReporter -->
<testsuite hostname="Arvinds-MacBook-Air.local" failures="0" tests="2" name="DataShare.CreateBooking" time="5.996" errors="0" timestamp="2021-12-29T00:18:53 IST" skipped="0">
  <testcase classname="DataShare.CreateBooking" name="createBooking" time="3.679"/>
  <system-out/>
  <testcase classname="DataShare.CreateBooking" name="getBooking" time="2.317"/>
  <system-out/>
</testsuite> <!-- DataShare.CreateBooking -->
