<?xml version="1.0" encoding="UTF-8"?>
<!-- Generated by org.testng.reporters.JUnitReportReporter -->
<testsuite hostname="Arvinds-Air" failures="0" tests="1" name="RestfulBooker.ResponseSpecifica" time="3.507" errors="0" timestamp="2021-08-26T18:22:35 IST" skipped="0">
  <testcase classname="RestfulBooker.ResponseSpecifica" name="createBooking" time="3.507"/>
  <system-out/>
</testsuite> <!-- RestfulBooker.ResponseSpecifica -->
