<?xml version="1.0" encoding="UTF-8"?>
<!-- Generated by org.testng.reporters.JUnitReportReporter -->
<testsuite hostname="Arvinds-MacBook-Air.local" failures="0" tests="1" name="RestfulBooker.BookingOne" time="10.893" errors="0" timestamp="2021-12-26T23:40:57 IST" skipped="0">
  <testcase classname="RestfulBooker.BookingOne" name="createBooking" time="10.893"/>
  <system-out/>
</testsuite> <!-- RestfulBooker.BookingOne -->
